<?xml version="1.0" encoding="UTF-8"?>
<!-- Generated by org.testng.reporters.JUnitXMLReporter -->
<testsuite hostname="2359s-MacBook-Pro.local" ignored="13" name="DutyHour" tests="1" failures="1" timestamp="01 Jul 2019 03:59:57 GMT" time="50.682" errors="0">
  <testcase name="B_014_goToListView" time="29.292" classname="com.media2359.tests.b_DutyHour_listview">
    <failure type="java.lang.AssertionError" message="Expected condition failed: waiting for visibility of Located by By.chained({By.id: com.nhg.sandbox:id/iv_right_actionbar}) (tried for 15 second(s) with 500 milliseconds interval)">
      <![CDATA[java.lang.AssertionError: Expected condition failed: waiting for visibility of Located by By.chained({By.id: com.nhg.sandbox:id/iv_right_actionbar}) (tried for 15 second(s) with 500 milliseconds interval)
at com.media2359.tests.b_DutyHour_listview.B_014_goToListView(b_DutyHour_listview.java:101)
at com.media2359.App.main(App.java:41)
... Removed 23 stack frames]]>
    </failure>
  </testcase> <!-- B_014_goToListView -->
  <testcase name="B_023_addCommentLDLV" time="0.0" classname="com.media2359.tests.b_DutyHour_listview">
    <ignored/>
  </testcase> <!-- B_023_addCommentLDLV -->
  <testcase name="B_019_viewViolationLV" time="0.0" classname="com.media2359.tests.b_DutyHour_listview">
    <ignored/>
  </testcase> <!-- B_019_viewViolationLV -->
  <testcase name="B_015_addLogHoursLV" time="0.0" classname="com.media2359.tests.b_DutyHour_listview">
    <ignored/>
  </testcase> <!-- B_015_addLogHoursLV -->
  <testcase name="B_026_editLogLDLV" time="0.0" classname="com.media2359.tests.b_DutyHour_listview">
    <ignored/>
  </testcase> <!-- B_026_editLogLDLV -->
  <testcase name="B_024_viewViolationLDLV" time="0.0" classname="com.media2359.tests.b_DutyHour_listview">
    <ignored/>
  </testcase> <!-- B_024_viewViolationLDLV -->
  <testcase name="B_020_viewCommentLV" time="0.0" classname="com.media2359.tests.b_DutyHour_listview">
    <ignored/>
  </testcase> <!-- B_020_viewCommentLV -->
  <testcase name="B_021_viewLogDetailLV" time="0.0" classname="com.media2359.tests.b_DutyHour_listview">
    <ignored/>
  </testcase> <!-- B_021_viewLogDetailLV -->
  <testcase name="B_022_viewCommentLDLV" time="0.0" classname="com.media2359.tests.b_DutyHour_listview">
    <ignored/>
  </testcase> <!-- B_022_viewCommentLDLV -->
  <testcase name="B_016_cancelLogHrLV" time="0.0" classname="com.media2359.tests.b_DutyHour_listview">
    <ignored/>
  </testcase> <!-- B_016_cancelLogHrLV -->
  <testcase name="B_027_deleteLDLV" time="0.0" classname="com.media2359.tests.b_DutyHour_listview">
    <ignored/>
  </testcase> <!-- B_027_deleteLDLV -->
  <testcase name="B_018_filterByDateLV" time="0.0" classname="com.media2359.tests.b_DutyHour_listview">
    <ignored/>
  </testcase> <!-- B_018_filterByDateLV -->
  <testcase name="B_017_filterByAsgLV" time="0.0" classname="com.media2359.tests.b_DutyHour_listview">
    <ignored/>
  </testcase> <!-- B_017_filterByAsgLV -->
  <testcase name="B_025_selectCauseLDLV" time="0.0" classname="com.media2359.tests.b_DutyHour_listview">
    <ignored/>
  </testcase> <!-- B_025_selectCauseLDLV -->
</testsuite> <!-- DutyHour -->
