<?xml version="1.0" encoding="UTF-8"?>
<!-- Generated by org.testng.reporters.JUnitXMLReporter -->
<testsuite hostname="2359s-MacBook-Pro.local" ignored="0" name="DutyHour-ListView" tests="1" failures="1" timestamp="19 Jun 2019 09:27:02 GMT" time="36.248" errors="0">
  <testcase name="B_014_goToListView" time="15.994" classname="com.media2359.tests.b_DutyHour_listview">
    <failure type="java.lang.AssertionError" message="expected [true] but found [false]">
      <![CDATA[java.lang.AssertionError: expected [true] but found [false]
at com.media2359.pages.BasePage.assertTrue(BasePage.java:105)
at com.media2359.pages.BasePage.assertListElementEmpty(BasePage.java:183)
at com.media2359.pages.ListDHPage.verifyListViewScreen(ListDHPage.java:135)
at com.media2359.tests.b_DutyHour_listview.B_014_goToListView(b_DutyHour_listview.java:63)
at com.media2359.App.main(App.java:41)
... Removed 26 stack frames]]>
    </failure>
  </testcase> <!-- B_014_goToListView -->
</testsuite> <!-- DutyHour-ListView -->
