<?xml version="1.0" encoding="UTF-8"?>
<!-- Generated by org.testng.reporters.JUnitXMLReporter -->
<testsuite hostname="2359s-MacBook-Pro.local" ignored="13" name="DutyHour" tests="1" failures="1" timestamp="12 Jul 2019 09:46:13 GMT" time="31.767" errors="0">
  <testcase name="B_014_goToListView" time="8.55" classname="com.media2359.tests.b_DutyHour_listview">
    <failure type="java.lang.AssertionError" message="io.appium.uiautomator2.common.exceptions.StaleElementReferenceException: The element &amp;apos;By.xpath: /hierarchy/android.widget.FrameLayout/android.widget.LinearLayout/android.widget.FrameLayout/android.widget.LinearLayout/android.widget.FrameLayout/android.support.v4.widget.DrawerLayout/android.widget.FrameLayout/android.support.v7.widget.RecyclerView/android.support.v7.widget.LinearLayoutCompat[4]&amp;apos; does not exist in DOM anymore
	at io.appium.uiautomator2.model.KnownElements.getElementFromCache(KnownElements.java:88)
	at io.appium.uiautomator2.handler.GetElementAttribute.safeHandle(GetElementAttribute.java:25)
	at io.appium.uiautomator2.handler.request.SafeRequestHandler.handle(SafeRequestHandler.java:37)
	at io.appium.uiautomator2.server.AppiumServlet.handleRequest(AppiumServlet.java:252)
	at io.appium.uiautomator2.server.AppiumServlet.handleHttpRequest(AppiumServlet.java:243)
	at io.appium.uiautomator2.http.ServerHandler.channelRead(ServerHandler.java:44)
	at io.netty.channel.AbstractChannelHandlerContext.invokeChannelRead(AbstractChannelHandlerContext.java:366)
	at io.netty.channel.AbstractChannelHandlerContext.invokeChannelRead(AbstractChannelHandlerContext.java:352)
	at io.netty.channel.AbstractChannelHandlerContext.fireChannelRead(AbstractChannelHandlerContext.java:345)
	at io.netty.handler.codec.MessageToMessageDecoder.channelRead(MessageToMessageDecoder.java:102)
	at io.netty.channel.AbstractChannelHandlerContext.invokeChannelRead(AbstractChannelHandlerContext.java:366)
	at io.netty.channel.AbstractChannelHandlerContext.invokeChannelRead(AbstractChannelHandlerContext.java:352)
	at io.netty.channel.AbstractChannelHandlerContext.fireChannelRead(AbstractChannelHandlerContext.java:345)
	at io.netty.channel.CombinedChannelDuplexHandler$DelegatingChannelHandlerContext.fireChannelRead(CombinedChannelDuplexHandler.java:435)
	at io.netty.handler.codec.ByteToMessageDecoder.fireChannelRead(ByteToMessageDecoder.java:293)
	at io.netty.handler.codec.ByteToMessageDecoder.channelRead(ByteToMessageDecoder.java:267)
	at io.netty.channel.CombinedChannelDuplexHandler.channelRead(CombinedChannelDuplexHandler.java:250)
	at io.netty.channel.AbstractChannelHandlerContext.invokeChannelRead(AbstractChannelHandlerContext.java:366)
	at io.netty.channel.AbstractChannelHandlerContext.invokeChannelRead(AbstractChannelHandlerContext.java:352)
	at io.netty.channel.AbstractChannelHandlerContext.fireChannelRead(AbstractChannelHandlerContext.java:345)
	at io.netty.channel.DefaultChannelPipeline$HeadContext.channelRead(DefaultChannelPipeline.java:1294)
	at io.netty.channel.AbstractChannelHandlerContext.invokeChannelRead(AbstractChannelHandlerContext.java:366)
	at io.netty.channel.AbstractChannelHandlerContext.invokeChannelRead(AbstractChannelHandlerContext.java:352)
	at io.netty.channel.DefaultChannelPipeline.fireChannelRead(DefaultChannelPipeline.java:911)
	at io.netty.channel.nio.AbstractNioByteChannel$NioByteUnsafe.read(AbstractNioByteChannel.java:131)
	at io.netty.channel.nio.NioEventLoop.processSelectedKey(NioEventLoop.java:611)
	at io.netty.channel.nio.NioEventLoop.processSelectedKeysOptimized(NioEventLoop.java:552)
	at io.netty.channel.nio.NioEventLoop.processSelectedKeys(NioEventLoop.java:466)
	at io.netty.channel.nio.NioEventLoop.run(NioEventLoop.java:438)
	at io.netty.util.concurrent.SingleThreadEventExecutor$2.run(SingleThreadEventExecutor.java:140)
	at io.netty.util.concurrent.DefaultThreadFactory$DefaultRunnableDecorator.run(DefaultThreadFactory.java:144)
	at java.lang.Thread.run(Thread.java:764)

For documentation on this error, please visit: https://www.seleniumhq.org/exceptions/stale_element_reference.html
Build info: version: &amp;apos;3.141.59&amp;apos;, revision: &amp;apos;e82be7d358&amp;apos;, time: &amp;apos;2018-11-14T08:17:03&amp;apos;
System info: host: &amp;apos;2359s-MacBook-Pro.local&amp;apos;, ip: &amp;apos;fe80:0:0:0:47d:552b:8a2a:a78c%en0&amp;apos;, os.name: &amp;apos;Mac OS X&amp;apos;, os.arch: &amp;apos;x86_64&amp;apos;, os.version: &amp;apos;10.14.4&amp;apos;, java.version: &amp;apos;1.8.0_202&amp;apos;
Driver info: io.appium.java_client.android.AndroidDriver
Capabilities {appActivity: com.nhg.activity.login.Logi..., appPackage: com.nhg.sandbox, automationName: UiAutomator2, databaseEnabled: false, desired: {appActivity: com.nhg.activity.login.Logi..., appPackage: com.nhg.sandbox, automationName: UiAutomator2, deviceName: 00fd7f39d4b8aaa1, noReset: false, platformName: android, skipUnlock: true}, deviceApiLevel: 28, deviceManufacturer: samsung, deviceModel: SM-N950F, deviceName: 988a9c465a5359593330, deviceScreenDensity: 420, deviceScreenSize: 1080x2220, deviceUDID: 988a9c465a5359593330, javascriptEnabled: true, locationContextEnabled: false, networkConnectionEnabled: true, noReset: false, pixelRatio: 2.625, platform: LINUX, platformName: Android, platformVersion: 9, skipUnlock: true, statBarHeight: 63, takesScreenshot: true, viewportRect: {height: 2031, left: 0, top: 63, width: 1080}, warnings: {}, webStorageEnabled: false}
Session ID: 1a23ecb2-d226-4c07-b46a-e27a3df40430">
      <![CDATA[java.lang.AssertionError: io.appium.uiautomator2.common.exceptions.StaleElementReferenceException: The element 'By.xpath: /hierarchy/android.widget.FrameLayout/android.widget.LinearLayout/android.widget.FrameLayout/android.widget.LinearLayout/android.widget.FrameLayout/android.support.v4.widget.DrawerLayout/android.widget.FrameLayout/android.support.v7.widget.RecyclerView/android.support.v7.widget.LinearLayoutCompat[4]' does not exist in DOM anymore
at io.appium.uiautomator2.model.KnownElements.getElementFromCache(KnownElements.java:88)
at io.appium.uiautomator2.handler.GetElementAttribute.safeHandle(GetElementAttribute.java:25)
at io.appium.uiautomator2.handler.request.SafeRequestHandler.handle(SafeRequestHandler.java:37)
at io.appium.uiautomator2.server.AppiumServlet.handleRequest(AppiumServlet.java:252)
at io.appium.uiautomator2.server.AppiumServlet.handleHttpRequest(AppiumServlet.java:243)
at io.appium.uiautomator2.http.ServerHandler.channelRead(ServerHandler.java:44)
at io.netty.channel.AbstractChannelHandlerContext.invokeChannelRead(AbstractChannelHandlerContext.java:366)
at io.netty.channel.AbstractChannelHandlerContext.invokeChannelRead(AbstractChannelHandlerContext.java:352)
at io.netty.channel.AbstractChannelHandlerContext.fireChannelRead(AbstractChannelHandlerContext.java:345)
at io.netty.handler.codec.MessageToMessageDecoder.channelRead(MessageToMessageDecoder.java:102)
at io.netty.channel.AbstractChannelHandlerContext.invokeChannelRead(AbstractChannelHandlerContext.java:366)
at io.netty.channel.AbstractChannelHandlerContext.invokeChannelRead(AbstractChannelHandlerContext.java:352)
at io.netty.channel.AbstractChannelHandlerContext.fireChannelRead(AbstractChannelHandlerContext.java:345)
at io.netty.channel.CombinedChannelDuplexHandler$DelegatingChannelHandlerContext.fireChannelRead(CombinedChannelDuplexHandler.java:435)
at io.netty.handler.codec.ByteToMessageDecoder.fireChannelRead(ByteToMessageDecoder.java:293)
at io.netty.handler.codec.ByteToMessageDecoder.channelRead(ByteToMessageDecoder.java:267)
at io.netty.channel.CombinedChannelDuplexHandler.channelRead(CombinedChannelDuplexHandler.java:250)
at io.netty.channel.AbstractChannelHandlerContext.invokeChannelRead(AbstractChannelHandlerContext.java:366)
at io.netty.channel.AbstractChannelHandlerContext.invokeChannelRead(AbstractChannelHandlerContext.java:352)
at io.netty.channel.AbstractChannelHandlerContext.fireChannelRead(AbstractChannelHandlerContext.java:345)
at io.netty.channel.DefaultChannelPipeline$HeadContext.channelRead(DefaultChannelPipeline.java:1294)
at io.netty.channel.AbstractChannelHandlerContext.invokeChannelRead(AbstractChannelHandlerContext.java:366)
at io.netty.channel.AbstractChannelHandlerContext.invokeChannelRead(AbstractChannelHandlerContext.java:352)
at io.netty.channel.DefaultChannelPipeline.fireChannelRead(DefaultChannelPipeline.java:911)
at io.netty.channel.nio.AbstractNioByteChannel$NioByteUnsafe.read(AbstractNioByteChannel.java:131)
at io.netty.channel.nio.NioEventLoop.processSelectedKey(NioEventLoop.java:611)
at io.netty.channel.nio.NioEventLoop.processSelectedKeysOptimized(NioEventLoop.java:552)
at io.netty.channel.nio.NioEventLoop.processSelectedKeys(NioEventLoop.java:466)
at io.netty.channel.nio.NioEventLoop.run(NioEventLoop.java:438)
at io.netty.util.concurrent.SingleThreadEventExecutor$2.run(SingleThreadEventExecutor.java:140)
at io.netty.util.concurrent.DefaultThreadFactory$DefaultRunnableDecorator.run(DefaultThreadFactory.java:144)
at java.lang.Thread.run(Thread.java:764)

For documentation on this error, please visit: https://www.seleniumhq.org/exceptions/stale_element_reference.html
Build info: version: '3.141.59', revision: 'e82be7d358', time: '2018-11-14T08:17:03'
System info: host: '2359s-MacBook-Pro.local', ip: 'fe80:0:0:0:47d:552b:8a2a:a78c%en0', os.name: 'Mac OS X', os.arch: 'x86_64', os.version: '10.14.4', java.version: '1.8.0_202'
Driver info: io.appium.java_client.android.AndroidDriver
Capabilities {appActivity: com.nhg.activity.login.Logi..., appPackage: com.nhg.sandbox, automationName: UiAutomator2, databaseEnabled: false, desired: {appActivity: com.nhg.activity.login.Logi..., appPackage: com.nhg.sandbox, automationName: UiAutomator2, deviceName: 00fd7f39d4b8aaa1, noReset: false, platformName: android, skipUnlock: true}, deviceApiLevel: 28, deviceManufacturer: samsung, deviceModel: SM-N950F, deviceName: 988a9c465a5359593330, deviceScreenDensity: 420, deviceScreenSize: 1080x2220, deviceUDID: 988a9c465a5359593330, javascriptEnabled: true, locationContextEnabled: false, networkConnectionEnabled: true, noReset: false, pixelRatio: 2.625, platform: LINUX, platformName: Android, platformVersion: 9, skipUnlock: true, statBarHeight: 63, takesScreenshot: true, viewportRect: {height: 2031, left: 0, top: 63, width: 1080}, warnings: {}, webStorageEnabled: false}
Session ID: 1a23ecb2-d226-4c07-b46a-e27a3df40430
at com.media2359.tests.b_DutyHour_listview.openDutyHourScreen(b_DutyHour_listview.java:65)
at com.media2359.tests.b_DutyHour_listview.B_014_goToListView(b_DutyHour_listview.java:86)
... Removed 30 stack frames]]>
    </failure>
  </testcase> <!-- B_014_goToListView -->
  <testcase name="B_023_addCommentLDLV" time="0.0" classname="com.media2359.tests.b_DutyHour_listview">
    <ignored/>
  </testcase> <!-- B_023_addCommentLDLV -->
  <testcase name="B_019_viewViolationLV" time="0.0" classname="com.media2359.tests.b_DutyHour_listview">
    <ignored/>
  </testcase> <!-- B_019_viewViolationLV -->
  <testcase name="B_015_addLogHoursLV" time="0.0" classname="com.media2359.tests.b_DutyHour_listview">
    <ignored/>
  </testcase> <!-- B_015_addLogHoursLV -->
  <testcase name="B_026_editLogLDLV" time="0.0" classname="com.media2359.tests.b_DutyHour_listview">
    <ignored/>
  </testcase> <!-- B_026_editLogLDLV -->
  <testcase name="B_024_viewViolationLDLV" time="0.0" classname="com.media2359.tests.b_DutyHour_listview">
    <ignored/>
  </testcase> <!-- B_024_viewViolationLDLV -->
  <testcase name="B_020_viewCommentLV" time="0.0" classname="com.media2359.tests.b_DutyHour_listview">
    <ignored/>
  </testcase> <!-- B_020_viewCommentLV -->
  <testcase name="B_021_viewLogDetailLV" time="0.0" classname="com.media2359.tests.b_DutyHour_listview">
    <ignored/>
  </testcase> <!-- B_021_viewLogDetailLV -->
  <testcase name="B_022_viewCommentLDLV" time="0.0" classname="com.media2359.tests.b_DutyHour_listview">
    <ignored/>
  </testcase> <!-- B_022_viewCommentLDLV -->
  <testcase name="B_016_cancelLogHrLV" time="0.0" classname="com.media2359.tests.b_DutyHour_listview">
    <ignored/>
  </testcase> <!-- B_016_cancelLogHrLV -->
  <testcase name="B_027_deleteLDLV" time="0.0" classname="com.media2359.tests.b_DutyHour_listview">
    <ignored/>
  </testcase> <!-- B_027_deleteLDLV -->
  <testcase name="B_018_filterByDateLV" time="0.0" classname="com.media2359.tests.b_DutyHour_listview">
    <ignored/>
  </testcase> <!-- B_018_filterByDateLV -->
  <testcase name="B_017_filterByAsgLV" time="0.0" classname="com.media2359.tests.b_DutyHour_listview">
    <ignored/>
  </testcase> <!-- B_017_filterByAsgLV -->
  <testcase name="B_025_selectCauseLDLV" time="0.0" classname="com.media2359.tests.b_DutyHour_listview">
    <ignored/>
  </testcase> <!-- B_025_selectCauseLDLV -->
</testsuite> <!-- DutyHour -->
